Solo Projects/Android (Java)/Tapalong/app/build/intermediates/manifest_merge_blame_file/release/manifest-merger-blame-release-report.txt
1<?xml version="1.0" encoding="utf-8"?>
2<manifest xmlns:android="http://schemas.android.com/apk/res/android"
3    package="com.example.tapalong"
4    android:versionCode="1"
5    android:versionName="1.0" >
6
7    <uses-sdk
8        android:minSdkVersion="24"
8-->src\main\AndroidManifest.xml
9        android:targetSdkVersion="29" />
9-->src\main\AndroidManifest.xml
10
11    <uses-permission android:name="android.permission.READ_EXTERNAL_STORAGE" />
11-->src\main\AndroidManifest.xml:29:5-80
11-->src\main\AndroidManifest.xml:29:22-77
12
13    <application
13-->src\main\AndroidManifest.xml:5:5-28:19
14        android:allowBackup="true"
14-->src\main\AndroidManifest.xml:6:9-35
15        android:appComponentFactory="androidx.core.app.CoreComponentFactory"
15-->[androidx.core:core:1.1.0] AndroidManifest.xml:24:18-86
16        android:extractNativeLibs="false"
17        android:icon="@mipmap/ic_launcher"
17-->src\main\AndroidManifest.xml:7:9-43
18        android:label="@string/app_name"
18-->src\main\AndroidManifest.xml:8:9-41
19        android:roundIcon="@mipmap/ic_launcher_round"
19-->src\main\AndroidManifest.xml:9:9-54
20        android:supportsRtl="true"
20-->src\main\AndroidManifest.xml:10:9-35
21        android:testOnly="true"
22        android:theme="@style/AppTheme" >
22-->src\main\AndroidManifest.xml:11:9-40
23        <activity android:name="com.example.tapalong.MainActivity" >
23-->src\main\AndroidManifest.xml:12:9-18:20
23-->src\main\AndroidManifest.xml:12:19-47
24            <intent-filter>
24-->src\main\AndroidManifest.xml:13:13-17:29
25                <action android:name="android.intent.action.MAIN" />
25-->src\main\AndroidManifest.xml:14:17-69
25-->src\main\AndroidManifest.xml:14:25-66
26
27                <category android:name="android.intent.category.LAUNCHER" />
27-->src\main\AndroidManifest.xml:16:17-77
27-->src\main\AndroidManifest.xml:16:27-74
28            </intent-filter>
29        </activity>
30        <activity android:name="com.example.tapalong.tapActivity" />
30-->src\main\AndroidManifest.xml:19:9-58
30-->src\main\AndroidManifest.xml:19:19-46
31        <activity android:name="com.example.tapalong.songActivity" />
31-->src\main\AndroidManifest.xml:20:9-59
31-->src\main\AndroidManifest.xml:20:19-47
32        <activity android:name="com.example.tapalong.difficultyActivity" />
32-->src\main\AndroidManifest.xml:21:9-65
32-->src\main\AndroidManifest.xml:21:19-53
33        <activity android:name="com.example.tapalong.recordActivity" />
33-->src\main\AndroidManifest.xml:22:9-61
33-->src\main\AndroidManifest.xml:22:19-49
34        <activity android:name="com.example.tapalong.playActivity" />
34-->src\main\AndroidManifest.xml:23:9-59
34-->src\main\AndroidManifest.xml:23:19-47
35        <activity android:name="com.example.tapalong.choiceActivity" />
35-->src\main\AndroidManifest.xml:24:9-61
35-->src\main\AndroidManifest.xml:24:19-49
36        <activity android:name="com.example.tapalong.resultsActivity" />
36-->src\main\AndroidManifest.xml:25:9-62
36-->src\main\AndroidManifest.xml:25:19-50
37        <activity android:name="com.example.tapalong.SetupActivity" />
37-->src\main\AndroidManifest.xml:26:9-60
37-->src\main\AndroidManifest.xml:26:19-48
38        <activity android:name="com.example.tapalong.CalibrateActivity" />
38-->src\main\AndroidManifest.xml:27:9-64
38-->src\main\AndroidManifest.xml:27:19-52
39
40        <service
40-->[androidx.room:room-runtime:2.1.0] AndroidManifest.xml:25:9-27:40
41            android:name="androidx.room.MultiInstanceInvalidationService"
41-->[androidx.room:room-runtime:2.1.0] AndroidManifest.xml:26:13-74
42            android:exported="false" />
42-->[androidx.room:room-runtime:2.1.0] AndroidManifest.xml:27:13-37
43    </application>
44
45</manifest>